2026-01-08 17:34:24,770 [INFO] logging in using static token
2026-01-08 17:34:26,716 [INFO] Shard ID None has connected to Gateway (Session ID: d477f83aa7ee61aa2f664422b25ab7bd).
2026-01-08 17:34:28,731 [INFO] Logged in as Football Manager#1990 (ID: 1440415849629487146)
2026-01-08 17:34:43,327 [INFO] Player joined lobby: иT$дм (ID: 1344757429660815525)
2026-01-08 17:35:24,458 [INFO] logging in using static token
2026-01-08 17:35:26,628 [INFO] Shard ID None has connected to Gateway (Session ID: 0c83fd3b42fe2febe29de47490049cf7).
2026-01-08 17:35:28,652 [INFO] Logged in as Football Manager#1990 (ID: 1440415849629487146)
2026-01-08 17:35:38,689 [INFO] Player joined lobby: иT$дм (ID: 1344757429660815525)
2026-01-08 17:37:09,709 [INFO] logging in using static token
2026-01-08 17:37:11,473 [INFO] Shard ID None has connected to Gateway (Session ID: 07c68fe1b45468833ccce7a563a50557).
2026-01-08 17:37:13,490 [INFO] Logged in as Football Manager#1990 (ID: 1440415849629487146)
2026-01-08 17:37:18,520 [INFO] Player joined lobby: иT$дм (ID: 1344757429660815525)
2026-01-08 17:37:35,018 [INFO] Turn: иTдм played 10 of Copas. Msg: 
2026-01-08 17:39:04,467 [INFO] Turn: иTдм played 6 of Copas. Msg: 
2026-01-08 17:43:41,258 [INFO] logging in using static token
2026-01-08 17:43:43,094 [INFO] Shard ID None has connected to Gateway (Session ID: 7abfaeae0448d61ba9ad2c6c6aff974c).
2026-01-08 17:43:45,112 [INFO] Logged in as Football Manager#1990 (ID: 1440415849629487146)
2026-01-08 17:43:49,253 [INFO] Player joined lobby: иT$дм (ID: 1344757429660815525)
2026-01-08 17:44:18,242 [INFO] Turn: иTдм played 3 of Bastos. Msg: 
2026-01-08 17:45:02,906 [INFO] Turn: иTдм played 3 of Copas. Msg: 
2026-01-08 17:45:27,782 [INFO] Turn: иTдм played 2 of Copas. Msg: Penalty Stack increased to 2!
2026-01-08 17:50:48,103 [INFO] logging in using static token
2026-01-08 17:50:49,909 [INFO] Shard ID None has connected to Gateway (Session ID: bc29bc2cb70c5af4a55b1e524a980eed).
2026-01-08 17:50:51,921 [INFO] Logged in as Football Manager#1990 (ID: 1440415849629487146)
2026-01-08 17:51:12,254 [INFO] Player joined lobby: иT$дм (ID: 1344757429660815525)
2026-01-08 18:13:38,976 [INFO] logging in using static token
2026-01-08 18:13:41,070 [INFO] Shard ID None has connected to Gateway (Session ID: 05647a175aeb2491f181098d443296a7).
2026-01-08 18:13:43,105 [INFO] Logged in as Football Manager#1990 (ID: 1440415849629487146)
2026-01-08 18:14:18,998 [INFO] Player joined lobby: иT$дм (ID: 1344757429660815525)
2026-01-08 18:14:24,521 [ERROR] Ignoring exception in view <LobbyView timeout=None children=2> for item <Button style=<ButtonStyle.primary: 1> url=None disabled=False label='Start Game' emoji=None row=None sku_id=None id=None>
Traceback (most recent call last):
  File "c:\Users\ELECTRO-RIMO\Desktop\Python Bots\Carta-Maroc.py", line 184, in prompt_next_player
    await channel.send(file=center_file, embed=embed, view=view)
                                                           ^^^^
NameError: name 'view' is not defined

During handling of the above exception, another exception occurred:

Traceback (most recent call last):
  File "C:\Users\ELECTRO-RIMO\AppData\Local\Programs\Python\Python314\Lib\site-packages\discord\ui\view.py", line 555, in _scheduled_task
    await item.callback(interaction)
  File "c:\Users\ELECTRO-RIMO\Desktop\Python Bots\Carta-Maroc.py", line 132, in start_button
    await start_game_flow(channel_id)
  File "c:\Users\ELECTRO-RIMO\Desktop\Python Bots\Carta-Maroc.py", line 161, in start_game_flow
    await prompt_next_player(channel_id)
  File "c:\Users\ELECTRO-RIMO\Desktop\Python Bots\Carta-Maroc.py", line 186, in prompt_next_player
    await channel.send(embed=embed, view=view)
                                         ^^^^
NameError: name 'view' is not defined
2026-01-08 18:14:53,214 [INFO] logging in using static token
2026-01-08 18:14:55,127 [INFO] Shard ID None has connected to Gateway (Session ID: f8058771d4f0ce964e95be215a5f96fc).
2026-01-08 18:14:57,140 [INFO] Logged in as Football Manager#1990 (ID: 1440415849629487146)
2026-01-08 18:15:03,508 [INFO] Player joined lobby: иT$дм (ID: 1344757429660815525)
2026-01-08 18:15:10,829 [ERROR] Ignoring exception in view <LobbyView timeout=None children=2> for item <Button style=<ButtonStyle.primary: 1> url=None disabled=False label='Start Game' emoji=None row=None sku_id=None id=None>
Traceback (most recent call last):
  File "c:\Users\ELECTRO-RIMO\Desktop\Python Bots\Carta-Maroc.py", line 184, in prompt_next_player
    await channel.send(file=center_file, embed=embed, view=view)
                                                           ^^^^
NameError: name 'view' is not defined

During handling of the above exception, another exception occurred:

Traceback (most recent call last):
  File "C:\Users\ELECTRO-RIMO\AppData\Local\Programs\Python\Python314\Lib\site-packages\discord\ui\view.py", line 555, in _scheduled_task
    await item.callback(interaction)
  File "c:\Users\ELECTRO-RIMO\Desktop\Python Bots\Carta-Maroc.py", line 132, in start_button
    await start_game_flow(channel_id)
  File "c:\Users\ELECTRO-RIMO\Desktop\Python Bots\Carta-Maroc.py", line 161, in start_game_flow
    await prompt_next_player(channel_id)
  File "c:\Users\ELECTRO-RIMO\Desktop\Python Bots\Carta-Maroc.py", line 186, in prompt_next_player
    await channel.send(embed=embed, view=view)
                                         ^^^^
NameError: name 'view' is not defined
2026-01-08 18:18:16,146 [INFO] logging in using static token
2026-01-08 18:18:19,462 [INFO] Shard ID None has connected to Gateway (Session ID: ac9a05254d30ad48b95060c37ba77dfd).
2026-01-08 18:18:21,491 [INFO] Logged in as Football Manager#1990 (ID: 1440415849629487146)
2026-01-08 18:18:28,558 [INFO] Player joined lobby: иT$дм (ID: 1344757429660815525)
2026-01-08 18:21:01,007 [INFO] Suit changed to Copas
2026-01-08 18:21:24,788 [INFO] Turn: иTдм played 2 of Copas. Msg: Penalty Stack increased to 2!
2026-01-08 18:42:55,662 [INFO] logging in using static token
2026-01-08 18:42:57,504 [INFO] Shard ID None has connected to Gateway (Session ID: 08efc3329e1caa8a953dac24860bbeef).
2026-01-08 18:42:59,518 [INFO] Logged in as Football Manager#1990 (ID: 1440415849629487146)
2026-01-08 18:43:07,158 [INFO] Player joined lobby: иT$дм (ID: 1344757429660815525)
2026-01-08 18:44:29,991 [INFO] Turn: иTдм played 2 of Bastos. Msg: Penalty Stack increased to 4!
2026-01-08 18:47:27,795 [INFO] logging in using static token
2026-01-08 18:47:29,637 [INFO] Shard ID None has connected to Gateway (Session ID: 1863798aa63a1903520081f76658b9c4).
2026-01-08 18:47:31,659 [INFO] Logged in as Football Manager#1990 (ID: 1440415849629487146)
2026-01-08 18:47:43,999 [INFO] Player joined lobby: иT$дм (ID: 1344757429660815525)
2026-01-08 18:48:11,473 [INFO] logging in using static token
2026-01-08 18:50:06,873 [INFO] logging in using static token
2026-01-08 18:50:08,640 [INFO] Shard ID None has connected to Gateway (Session ID: c4787a86b81d56edb2f4dfd7580300f2).
2026-01-08 18:50:10,658 [INFO] Logged in as Football Manager#1990 (ID: 1440415849629487146)
2026-01-08 18:50:14,901 [INFO] Player joined lobby: иT$дм (ID: 1344757429660815525)
2026-01-08 18:53:17,752 [INFO] logging in using static token
2026-01-08 18:53:19,618 [INFO] Shard ID None has connected to Gateway (Session ID: 21121f13a9a00c65d6ecd51248330686).
2026-01-08 18:53:21,626 [INFO] Logged in as Football Manager#1990 (ID: 1440415849629487146)
2026-01-08 18:53:29,422 [INFO] Player joined lobby: иT$дм (ID: 1344757429660815525)
2026-01-08 18:58:33,298 [INFO] logging in using static token
2026-01-08 18:58:35,414 [INFO] Shard ID None has connected to Gateway (Session ID: ea2a9ee9235afa312d4db85dc4f0fbcf).
2026-01-08 18:58:37,442 [INFO] Logged in as Football Manager#1990 (ID: 1440415849629487146)
2026-01-08 18:58:43,862 [INFO] Player joined lobby: иT$дм (ID: 1344757429660815525)
2026-01-08 18:59:36,722 [INFO] Turn: иTдм played 10 of Copas. Msg: 
2026-01-08 19:02:58,672 [INFO] logging in using static token
2026-01-08 19:03:01,864 [INFO] Shard ID None has connected to Gateway (Session ID: db96f56e6e8854c89fadb2bffcb529ad).
2026-01-08 19:03:04,632 [INFO] Logged in as Football Manager#1990 (ID: 1440415849629487146)
2026-01-08 19:03:15,033 [INFO] Player joined lobby: иT$дм (ID: 1344757429660815525)
2026-01-08 19:23:46,400 [INFO] logging in using static token
2026-01-08 19:23:48,980 [INFO] Shard ID None has connected to Gateway (Session ID: 7e1bf9e5521580dc3073188caa0b42b0).
2026-01-08 19:23:51,003 [INFO] Logged in as Football Manager#1990 (ID: 1440415849629487146)
2026-01-08 19:24:09,373 [INFO] logging in using static token
2026-01-08 19:24:11,207 [INFO] Shard ID None has connected to Gateway (Session ID: c33f66317ff3ead079a564180a9dce5c).
2026-01-08 19:24:13,225 [INFO] Logged in as Football Manager#1990 (ID: 1440415849629487146)
2026-01-08 19:24:21,737 [INFO] Player joined lobby: иT$дм (ID: 1344757429660815525)
2026-01-08 19:24:57,370 [INFO] Turn: иTдм played 10 of Copas. Msg: 
2026-01-08 19:32:45,999 [INFO] logging in using static token
2026-01-08 19:32:48,191 [INFO] Shard ID None has connected to Gateway (Session ID: 750c067a333facf932af170d4f760428).
2026-01-08 19:32:50,199 [INFO] Logged in as Football Manager#1990 (ID: 1440415849629487146)
2026-01-08 19:34:22,687 [INFO] Turn: DR2MM played 6 of Bastos. Msg: 
2026-01-08 19:36:10,000 [INFO] Turn: DR2MM played 10 of Bastos. Msg: 
2026-01-08 19:40:29,347 [INFO] Suit changed to Copas
2026-01-08 19:41:19,903 [INFO] Turn: DR2MM played 3 of Copas. Msg: 
2026-01-08 19:42:00,560 [INFO] Turn: DR2MM played 2 of Copas. Msg: Penalty Stack increased to 2!
2026-01-08 19:43:57,318 [INFO] Turn: DR2MM played 10 of Copas. Msg: 
2026-01-08 19:45:21,159 [INFO] Suit changed to Oros
2026-01-08 19:46:06,947 [INFO] Turn: DR2MM played 4 of Oros. Msg: 
2026-01-08 19:46:46,530 [INFO] Turn: DR2MM played 5 of Oros. Msg: 
2026-01-08 19:48:44,650 [INFO] Turn: DR2MM played 5 of Espadas. Msg: 
2026-01-08 19:51:23,212 [INFO] Turn: DR2MM played 1 of Espadas. Msg: Next player Skipped!
2026-01-08 19:51:34,714 [INFO] Turn: DR2MM played 2 of Espadas. Msg: Penalty Stack increased to 2!
2026-01-08 19:52:19,886 [INFO] Turn: DR2MM played 7 of Espadas. Msg: 
2026-01-08 19:52:29,255 [INFO] Suit changed to Oros
2026-01-08 19:53:41,504 [INFO] Turn: DR2MM played 7 of Oros. Msg: 
2026-01-08 19:54:01,824 [INFO] Suit changed to Copas
2026-01-08 19:54:36,111 [INFO] Turn: DR2MM played 1 of Copas. Msg: Next player Skipped!
2026-01-08 19:54:49,534 [INFO] Turn: DR2MM played 11 of Copas. Msg: 
2026-01-08 19:56:06,819 [INFO] Turn: DR2MM played 10 of Espadas. Msg: 
2026-01-08 19:56:08,789 [INFO] Game Over. Winner: DR2MM
2026-01-08 20:09:36,556 [INFO] logging in using static token
2026-01-08 20:09:40,178 [INFO] Shard ID None has connected to Gateway (Session ID: 42a538580ceb590daf6a667a4a14181d).
2026-01-08 20:09:42,188 [INFO] Logged in as Football Manager#1990 (ID: 1440415849629487146)
2026-01-08 20:09:58,800 [INFO] Player joined lobby: OMEGA (ID: 1345907948647354492)
2026-01-08 20:11:26,279 [INFO] Turn: OMEGA played 1 of Espadas. Msg: Next player Skipped!
2026-01-08 20:11:58,460 [INFO] Turn: OMEGA played 2 of Espadas. Msg: Penalty Stack increased to 2!
2026-01-08 20:12:49,670 [INFO] logging in using static token
2026-01-08 20:12:51,966 [INFO] Shard ID None has connected to Gateway (Session ID: de5f44ad3d6556db55fb5ed6c71b9faf).
2026-01-08 20:12:54,037 [INFO] Logged in as Football Manager#1990 (ID: 1440415849629487146)
2026-01-08 20:13:05,880 [INFO] Player joined lobby: OMEGA (ID: 1345907948647354492)
2026-01-08 20:13:50,189 [INFO] Turn: OMEGA played 2 of Oros. Msg: Penalty Stack increased to 2!
2026-01-08 20:14:19,653 [INFO] logging in using static token
2026-01-08 20:14:23,845 [INFO] Shard ID None has connected to Gateway (Session ID: 2d93eba6e68e224b0fd48e824ede3695).
2026-01-08 20:14:25,861 [INFO] Logged in as Football Manager#1990 (ID: 1440415849629487146)
2026-01-08 20:14:34,805 [INFO] Player joined lobby: OMEGA (ID: 1345907948647354492)
2026-01-08 20:14:59,847 [INFO] Suit changed to Copas
2026-01-08 20:15:21,745 [INFO] Turn: DR2MM played 7 of Bastos. Msg: 
2026-01-08 20:15:51,525 [INFO] Suit changed to Copas
2026-01-08 20:16:07,907 [INFO] Turn: OMEGA played 12 of Copas. Msg: 
2026-01-08 20:16:51,827 [INFO] Turn: DR2MM played 7 of Copas. Msg: 
2026-01-08 20:17:15,603 [INFO] Suit changed to Bastos
2026-01-08 20:17:56,714 [INFO] Turn: DR2MM played 6 of Bastos. Msg: 
2026-01-08 20:18:15,576 [INFO] Turn: OMEGA played 6 of Espadas. Msg: 
2026-01-08 20:19:51,279 [INFO] logging in using static token
2026-01-08 20:19:53,201 [INFO] Shard ID None has connected to Gateway (Session ID: 0f9b66d82e13ac116935512fdeea484d).
2026-01-08 20:19:55,221 [INFO] Logged in as Football Manager#1990 (ID: 1440415849629487146)
2026-01-08 20:20:08,183 [INFO] Player joined lobby: OMEGA (ID: 1345907948647354492)
2026-01-08 20:21:29,638 [INFO] Turn: OMEGA played 7 of Copas. Msg: 
2026-01-08 20:21:34,892 [INFO] Suit changed to Espadas
2026-01-08 20:21:58,027 [INFO] Suit changed to Oros
2026-01-08 20:22:11,992 [INFO] Turn: OMEGA played 3 of Oros. Msg: 
2026-01-08 20:22:44,179 [INFO] Turn: OMEGA played 10 of Oros. Msg: 
2026-01-08 20:27:05,188 [INFO] Turn: OMEGA played 6 of Bastos. Msg: 
2026-01-08 20:28:28,811 [INFO] Turn: OMEGA played 4 of Espadas. Msg: 
2026-01-08 20:29:01,501 [INFO] Turn: OMEGA played 2 of Espadas. Msg: Penalty Stack increased to 2!
2026-01-08 20:29:25,033 [INFO] Turn: OMEGA played 1 of Espadas. Msg: Next player Skipped!
2026-01-08 20:30:01,616 [INFO] Turn: OMEGA played 3 of Copas. Msg: 
2026-01-08 20:30:59,365 [INFO] Turn: OMEGA played 12 of Copas. Msg: 
2026-01-08 20:31:50,294 [INFO] Shard ID None has successfully RESUMED session 0f9b66d82e13ac116935512fdeea484d.
2026-01-08 20:31:51,879 [INFO] Turn: OMEGA played 10 of Copas. Msg: 
2026-01-08 20:32:15,756 [INFO] Turn: OMEGA played 4 of Copas. Msg: 
2026-01-08 20:33:15,132 [INFO] Turn: OMEGA played 11 of Copas. Msg: 
2026-01-08 20:33:42,516 [INFO] Turn: OMEGA played 11 of Bastos. Msg: 
2026-01-08 20:34:13,344 [INFO] Suit changed to Oros
2026-01-08 20:37:58,274 [INFO] Suit changed to Copas
2026-01-08 20:39:34,411 [INFO] Turn: OMEGA played 1 of Copas. Msg: Next player Skipped!
2026-01-08 20:41:51,271 [INFO] Turn: OMEGA played 1 of Bastos. Msg: Next player Skipped!
2026-01-08 20:42:17,743 [INFO] Turn: OMEGA played 2 of Bastos. Msg: Penalty Stack increased to 2!
2026-01-08 20:47:14,645 [INFO] Turn: OMEGA played 5 of Bastos. Msg: 
2026-01-08 20:47:53,657 [INFO] Turn: OMEGA played 12 of Bastos. Msg: 
2026-01-08 20:50:02,080 [ERROR] Attempting a reconnect in 0.62s
Traceback (most recent call last):
  File "C:\Users\ELECTRO-RIMO\AppData\Local\Programs\Python\Python314\Lib\site-packages\aiohttp\connector.py", line 1532, in _create_direct_connection
    hosts = await self._resolve_host(host, port, traces=traces)
            ^^^^^^^^^^^^^^^^^^^^^^^^^^^^^^^^^^^^^^^^^^^^^^^^^^^
  File "C:\Users\ELECTRO-RIMO\AppData\Local\Programs\Python\Python314\Lib\site-packages\aiohttp\connector.py", line 1148, in _resolve_host
    return await asyncio.shield(resolved_host_task)
           ^^^^^^^^^^^^^^^^^^^^^^^^^^^^^^^^^^^^^^^^
  File "C:\Users\ELECTRO-RIMO\AppData\Local\Programs\Python\Python314\Lib\site-packages\aiohttp\connector.py", line 1179, in _resolve_host_with_throttle
    addrs = await self._resolver.resolve(host, port, family=self._family)
            ^^^^^^^^^^^^^^^^^^^^^^^^^^^^^^^^^^^^^^^^^^^^^^^^^^^^^^^^^^^^^
  File "C:\Users\ELECTRO-RIMO\AppData\Local\Programs\Python\Python314\Lib\site-packages\aiohttp\resolver.py", line 40, in resolve
    infos = await self._loop.getaddrinfo(
            ^^^^^^^^^^^^^^^^^^^^^^^^^^^^^
    ...<5 lines>...
    )
    ^
  File "C:\Users\ELECTRO-RIMO\AppData\Local\Programs\Python\Python314\Lib\asyncio\base_events.py", line 936, in getaddrinfo
    return await self.run_in_executor(
           ^^^^^^^^^^^^^^^^^^^^^^^^^^^
        None, getaddr_func, host, port, family, type, proto, flags)
        ^^^^^^^^^^^^^^^^^^^^^^^^^^^^^^^^^^^^^^^^^^^^^^^^^^^^^^^^^^^
  File "C:\Users\ELECTRO-RIMO\AppData\Local\Programs\Python\Python314\Lib\concurrent\futures\thread.py", line 86, in run
    result = ctx.run(self.task)
  File "C:\Users\ELECTRO-RIMO\AppData\Local\Programs\Python\Python314\Lib\concurrent\futures\thread.py", line 73, in run
    return fn(*args, **kwargs)
  File "C:\Users\ELECTRO-RIMO\AppData\Local\Programs\Python\Python314\Lib\socket.py", line 983, in getaddrinfo
    for res in _socket.getaddrinfo(host, port, family, type, proto, flags):
               ~~~~~~~~~~~~~~~~~~~^^^^^^^^^^^^^^^^^^^^^^^^^^^^^^^^^^^^^^^^
socket.gaierror: [Errno 11001] getaddrinfo failed

The above exception was the direct cause of the following exception:

Traceback (most recent call last):
  File "C:\Users\ELECTRO-RIMO\AppData\Local\Programs\Python\Python314\Lib\site-packages\discord\client.py", line 724, in connect
    self.ws = await asyncio.wait_for(coro, timeout=60.0)
              ^^^^^^^^^^^^^^^^^^^^^^^^^^^^^^^^^^^^^^^^^^
  File "C:\Users\ELECTRO-RIMO\AppData\Local\Programs\Python\Python314\Lib\asyncio\tasks.py", line 488, in wait_for
    return await fut
           ^^^^^^^^^
  File "C:\Users\ELECTRO-RIMO\AppData\Local\Programs\Python\Python314\Lib\site-packages\discord\gateway.py", line 383, in from_client
    socket = await client.http.ws_connect(str(url))
             ^^^^^^^^^^^^^^^^^^^^^^^^^^^^^^^^^^^^^^
  File "C:\Users\ELECTRO-RIMO\AppData\Local\Programs\Python\Python314\Lib\site-packages\discord\http.py", line 566, in ws_connect
    return await self.__session.ws_connect(url, **kwargs)
           ^^^^^^^^^^^^^^^^^^^^^^^^^^^^^^^^^^^^^^^^^^^^^^
  File "C:\Users\ELECTRO-RIMO\AppData\Local\Programs\Python\Python314\Lib\site-packages\aiohttp\client.py", line 1076, in _ws_connect
    resp = await self.request(
           ^^^^^^^^^^^^^^^^^^^
    ...<11 lines>...
    )
    ^
  File "C:\Users\ELECTRO-RIMO\AppData\Local\Programs\Python\Python314\Lib\site-packages\aiohttp\client.py", line 779, in _request
    resp = await handler(req)
           ^^^^^^^^^^^^^^^^^^
  File "C:\Users\ELECTRO-RIMO\AppData\Local\Programs\Python\Python314\Lib\site-packages\aiohttp\client.py", line 734, in _connect_and_send_request
    conn = await self._connector.connect(
           ^^^^^^^^^^^^^^^^^^^^^^^^^^^^^^
        req, traces=traces, timeout=real_timeout
        ^^^^^^^^^^^^^^^^^^^^^^^^^^^^^^^^^^^^^^^^
    )
    ^
  File "C:\Users\ELECTRO-RIMO\AppData\Local\Programs\Python\Python314\Lib\site-packages\aiohttp\connector.py", line 642, in connect
    proto = await self._create_connection(req, traces, timeout)
            ^^^^^^^^^^^^^^^^^^^^^^^^^^^^^^^^^^^^^^^^^^^^^^^^^^^
  File "C:\Users\ELECTRO-RIMO\AppData\Local\Programs\Python\Python314\Lib\site-packages\aiohttp\connector.py", line 1209, in _create_connection
    _, proto = await self._create_direct_connection(req, traces, timeout)
               ^^^^^^^^^^^^^^^^^^^^^^^^^^^^^^^^^^^^^^^^^^^^^^^^^^^^^^^^^^
  File "C:\Users\ELECTRO-RIMO\AppData\Local\Programs\Python\Python314\Lib\site-packages\aiohttp\connector.py", line 1538, in _create_direct_connection
    raise ClientConnectorDNSError(req.connection_key, exc) from exc
aiohttp.client_exceptions.ClientConnectorDNSError: Cannot connect to host gateway-us-east1-d.discord.gg:443 ssl:default [getaddrinfo failed]
2026-01-08 20:50:02,748 [ERROR] Attempting a reconnect in 2.94s
Traceback (most recent call last):
  File "C:\Users\ELECTRO-RIMO\AppData\Local\Programs\Python\Python314\Lib\site-packages\aiohttp\connector.py", line 1532, in _create_direct_connection
    hosts = await self._resolve_host(host, port, traces=traces)
            ^^^^^^^^^^^^^^^^^^^^^^^^^^^^^^^^^^^^^^^^^^^^^^^^^^^
  File "C:\Users\ELECTRO-RIMO\AppData\Local\Programs\Python\Python314\Lib\site-packages\aiohttp\connector.py", line 1148, in _resolve_host
    return await asyncio.shield(resolved_host_task)
           ^^^^^^^^^^^^^^^^^^^^^^^^^^^^^^^^^^^^^^^^
  File "C:\Users\ELECTRO-RIMO\AppData\Local\Programs\Python\Python314\Lib\site-packages\aiohttp\connector.py", line 1179, in _resolve_host_with_throttle
    addrs = await self._resolver.resolve(host, port, family=self._family)
            ^^^^^^^^^^^^^^^^^^^^^^^^^^^^^^^^^^^^^^^^^^^^^^^^^^^^^^^^^^^^^
  File "C:\Users\ELECTRO-RIMO\AppData\Local\Programs\Python\Python314\Lib\site-packages\aiohttp\resolver.py", line 40, in resolve
    infos = await self._loop.getaddrinfo(
            ^^^^^^^^^^^^^^^^^^^^^^^^^^^^^
    ...<5 lines>...
    )
    ^
  File "C:\Users\ELECTRO-RIMO\AppData\Local\Programs\Python\Python314\Lib\asyncio\base_events.py", line 936, in getaddrinfo
    return await self.run_in_executor(
           ^^^^^^^^^^^^^^^^^^^^^^^^^^^
        None, getaddr_func, host, port, family, type, proto, flags)
        ^^^^^^^^^^^^^^^^^^^^^^^^^^^^^^^^^^^^^^^^^^^^^^^^^^^^^^^^^^^
  File "C:\Users\ELECTRO-RIMO\AppData\Local\Programs\Python\Python314\Lib\concurrent\futures\thread.py", line 86, in run
    result = ctx.run(self.task)
  File "C:\Users\ELECTRO-RIMO\AppData\Local\Programs\Python\Python314\Lib\concurrent\futures\thread.py", line 73, in run
    return fn(*args, **kwargs)
  File "C:\Users\ELECTRO-RIMO\AppData\Local\Programs\Python\Python314\Lib\socket.py", line 983, in getaddrinfo
    for res in _socket.getaddrinfo(host, port, family, type, proto, flags):
               ~~~~~~~~~~~~~~~~~~~^^^^^^^^^^^^^^^^^^^^^^^^^^^^^^^^^^^^^^^^
socket.gaierror: [Errno 11001] getaddrinfo failed

The above exception was the direct cause of the following exception:

Traceback (most recent call last):
  File "C:\Users\ELECTRO-RIMO\AppData\Local\Programs\Python\Python314\Lib\site-packages\discord\client.py", line 724, in connect
    self.ws = await asyncio.wait_for(coro, timeout=60.0)
              ^^^^^^^^^^^^^^^^^^^^^^^^^^^^^^^^^^^^^^^^^^
  File "C:\Users\ELECTRO-RIMO\AppData\Local\Programs\Python\Python314\Lib\asyncio\tasks.py", line 488, in wait_for
    return await fut
           ^^^^^^^^^
  File "C:\Users\ELECTRO-RIMO\AppData\Local\Programs\Python\Python314\Lib\site-packages\discord\gateway.py", line 383, in from_client
    socket = await client.http.ws_connect(str(url))
             ^^^^^^^^^^^^^^^^^^^^^^^^^^^^^^^^^^^^^^
  File "C:\Users\ELECTRO-RIMO\AppData\Local\Programs\Python\Python314\Lib\site-packages\discord\http.py", line 566, in ws_connect
    return await self.__session.ws_connect(url, **kwargs)
           ^^^^^^^^^^^^^^^^^^^^^^^^^^^^^^^^^^^^^^^^^^^^^^
  File "C:\Users\ELECTRO-RIMO\AppData\Local\Programs\Python\Python314\Lib\site-packages\aiohttp\client.py", line 1076, in _ws_connect
    resp = await self.request(
           ^^^^^^^^^^^^^^^^^^^
    ...<11 lines>...
    )
    ^
  File "C:\Users\ELECTRO-RIMO\AppData\Local\Programs\Python\Python314\Lib\site-packages\aiohttp\client.py", line 779, in _request
    resp = await handler(req)
           ^^^^^^^^^^^^^^^^^^
  File "C:\Users\ELECTRO-RIMO\AppData\Local\Programs\Python\Python314\Lib\site-packages\aiohttp\client.py", line 734, in _connect_and_send_request
    conn = await self._connector.connect(
           ^^^^^^^^^^^^^^^^^^^^^^^^^^^^^^
        req, traces=traces, timeout=real_timeout
        ^^^^^^^^^^^^^^^^^^^^^^^^^^^^^^^^^^^^^^^^
    )
    ^
  File "C:\Users\ELECTRO-RIMO\AppData\Local\Programs\Python\Python314\Lib\site-packages\aiohttp\connector.py", line 642, in connect
    proto = await self._create_connection(req, traces, timeout)
            ^^^^^^^^^^^^^^^^^^^^^^^^^^^^^^^^^^^^^^^^^^^^^^^^^^^
  File "C:\Users\ELECTRO-RIMO\AppData\Local\Programs\Python\Python314\Lib\site-packages\aiohttp\connector.py", line 1209, in _create_connection
    _, proto = await self._create_direct_connection(req, traces, timeout)
               ^^^^^^^^^^^^^^^^^^^^^^^^^^^^^^^^^^^^^^^^^^^^^^^^^^^^^^^^^^
  File "C:\Users\ELECTRO-RIMO\AppData\Local\Programs\Python\Python314\Lib\site-packages\aiohttp\connector.py", line 1538, in _create_direct_connection
    raise ClientConnectorDNSError(req.connection_key, exc) from exc
aiohttp.client_exceptions.ClientConnectorDNSError: Cannot connect to host gateway-us-east1-d.discord.gg:443 ssl:default [getaddrinfo failed]
2026-01-08 20:50:05,707 [ERROR] Attempting a reconnect in 4.97s
Traceback (most recent call last):
  File "C:\Users\ELECTRO-RIMO\AppData\Local\Programs\Python\Python314\Lib\site-packages\aiohttp\connector.py", line 1532, in _create_direct_connection
    hosts = await self._resolve_host(host, port, traces=traces)
            ^^^^^^^^^^^^^^^^^^^^^^^^^^^^^^^^^^^^^^^^^^^^^^^^^^^
  File "C:\Users\ELECTRO-RIMO\AppData\Local\Programs\Python\Python314\Lib\site-packages\aiohttp\connector.py", line 1148, in _resolve_host
    return await asyncio.shield(resolved_host_task)
           ^^^^^^^^^^^^^^^^^^^^^^^^^^^^^^^^^^^^^^^^
  File "C:\Users\ELECTRO-RIMO\AppData\Local\Programs\Python\Python314\Lib\site-packages\aiohttp\connector.py", line 1179, in _resolve_host_with_throttle
    addrs = await self._resolver.resolve(host, port, family=self._family)
            ^^^^^^^^^^^^^^^^^^^^^^^^^^^^^^^^^^^^^^^^^^^^^^^^^^^^^^^^^^^^^
  File "C:\Users\ELECTRO-RIMO\AppData\Local\Programs\Python\Python314\Lib\site-packages\aiohttp\resolver.py", line 40, in resolve
    infos = await self._loop.getaddrinfo(
            ^^^^^^^^^^^^^^^^^^^^^^^^^^^^^
    ...<5 lines>...
    )
    ^
  File "C:\Users\ELECTRO-RIMO\AppData\Local\Programs\Python\Python314\Lib\asyncio\base_events.py", line 936, in getaddrinfo
    return await self.run_in_executor(
           ^^^^^^^^^^^^^^^^^^^^^^^^^^^
        None, getaddr_func, host, port, family, type, proto, flags)
        ^^^^^^^^^^^^^^^^^^^^^^^^^^^^^^^^^^^^^^^^^^^^^^^^^^^^^^^^^^^
  File "C:\Users\ELECTRO-RIMO\AppData\Local\Programs\Python\Python314\Lib\concurrent\futures\thread.py", line 86, in run
    result = ctx.run(self.task)
  File "C:\Users\ELECTRO-RIMO\AppData\Local\Programs\Python\Python314\Lib\concurrent\futures\thread.py", line 73, in run
    return fn(*args, **kwargs)
  File "C:\Users\ELECTRO-RIMO\AppData\Local\Programs\Python\Python314\Lib\socket.py", line 983, in getaddrinfo
    for res in _socket.getaddrinfo(host, port, family, type, proto, flags):
               ~~~~~~~~~~~~~~~~~~~^^^^^^^^^^^^^^^^^^^^^^^^^^^^^^^^^^^^^^^^
socket.gaierror: [Errno 11001] getaddrinfo failed

The above exception was the direct cause of the following exception:

Traceback (most recent call last):
  File "C:\Users\ELECTRO-RIMO\AppData\Local\Programs\Python\Python314\Lib\site-packages\discord\client.py", line 724, in connect
    self.ws = await asyncio.wait_for(coro, timeout=60.0)
              ^^^^^^^^^^^^^^^^^^^^^^^^^^^^^^^^^^^^^^^^^^
  File "C:\Users\ELECTRO-RIMO\AppData\Local\Programs\Python\Python314\Lib\asyncio\tasks.py", line 488, in wait_for
    return await fut
           ^^^^^^^^^
  File "C:\Users\ELECTRO-RIMO\AppData\Local\Programs\Python\Python314\Lib\site-packages\discord\gateway.py", line 383, in from_client
    socket = await client.http.ws_connect(str(url))
             ^^^^^^^^^^^^^^^^^^^^^^^^^^^^^^^^^^^^^^
  File "C:\Users\ELECTRO-RIMO\AppData\Local\Programs\Python\Python314\Lib\site-packages\discord\http.py", line 566, in ws_connect
    return await self.__session.ws_connect(url, **kwargs)
           ^^^^^^^^^^^^^^^^^^^^^^^^^^^^^^^^^^^^^^^^^^^^^^
  File "C:\Users\ELECTRO-RIMO\AppData\Local\Programs\Python\Python314\Lib\site-packages\aiohttp\client.py", line 1076, in _ws_connect
    resp = await self.request(
           ^^^^^^^^^^^^^^^^^^^
    ...<11 lines>...
    )
    ^
  File "C:\Users\ELECTRO-RIMO\AppData\Local\Programs\Python\Python314\Lib\site-packages\aiohttp\client.py", line 779, in _request
    resp = await handler(req)
           ^^^^^^^^^^^^^^^^^^
  File "C:\Users\ELECTRO-RIMO\AppData\Local\Programs\Python\Python314\Lib\site-packages\aiohttp\client.py", line 734, in _connect_and_send_request
    conn = await self._connector.connect(
           ^^^^^^^^^^^^^^^^^^^^^^^^^^^^^^
        req, traces=traces, timeout=real_timeout
        ^^^^^^^^^^^^^^^^^^^^^^^^^^^^^^^^^^^^^^^^
    )
    ^
  File "C:\Users\ELECTRO-RIMO\AppData\Local\Programs\Python\Python314\Lib\site-packages\aiohttp\connector.py", line 642, in connect
    proto = await self._create_connection(req, traces, timeout)
            ^^^^^^^^^^^^^^^^^^^^^^^^^^^^^^^^^^^^^^^^^^^^^^^^^^^
  File "C:\Users\ELECTRO-RIMO\AppData\Local\Programs\Python\Python314\Lib\site-packages\aiohttp\connector.py", line 1209, in _create_connection
    _, proto = await self._create_direct_connection(req, traces, timeout)
               ^^^^^^^^^^^^^^^^^^^^^^^^^^^^^^^^^^^^^^^^^^^^^^^^^^^^^^^^^^
  File "C:\Users\ELECTRO-RIMO\AppData\Local\Programs\Python\Python314\Lib\site-packages\aiohttp\connector.py", line 1538, in _create_direct_connection
    raise ClientConnectorDNSError(req.connection_key, exc) from exc
aiohttp.client_exceptions.ClientConnectorDNSError: Cannot connect to host gateway-us-east1-d.discord.gg:443 ssl:default [getaddrinfo failed]
